<?xml version="1.0" encoding="UTF-8"?>
<!-- Generated by org.testng.reporters.JUnitXMLReporter -->
<testsuite ignored="0" hostname="Kunal-Chaudhari" failures="0" tests="4" name="Default test" time="246.944" errors="0" timestamp="2023-09-13T23:59:52 IST">
  <testcase classname="testcases.ECommerceTestCases" name="testHomepage" time="33.344"/>
  <testcase classname="testcases.ECommerceTestCases" name="testSearchAndSearchResults" time="99.057"/>
  <testcase classname="testcases.ECommerceTestCases" name="testSearchAndShopMultipleProducts" time="72.538"/>
  <testcase classname="testcases.ECommerceTestCases" name="testProductPage" time="21.759"/>
</testsuite> <!-- Default test -->
