<?xml version="1.0" encoding="UTF-8"?>
<testng-results ignored="0" total="4" passed="4" failed="0" skipped="0">
  <reporter-output>
  </reporter-output>
  <suite started-at="2023-09-13T23:55:45 IST" name="Default suite" finished-at="2023-09-13T23:59:52 IST" duration-ms="246944">
    <groups>
    </groups>
    <test started-at="2023-09-13T23:55:45 IST" name="Default test" finished-at="2023-09-13T23:59:52 IST" duration-ms="246944">
      <class name="testcases.ECommerceTestCases">
        <test-method is-config="true" signature="setupTest()[pri:0, instance:testcases.ECommerceTestCases@7c9d8e2]" started-at="2023-09-13T23:55:45 IST" name="setupTest" finished-at="2023-09-13T23:56:00 IST" duration-ms="14825" status="PASS">
          <reporter-output>
          </reporter-output>
        </test-method> <!-- setupTest -->
        <test-method signature="testHomepage()[pri:1, instance:testcases.ECommerceTestCases@7c9d8e2]" started-at="2023-09-13T23:56:00 IST" name="testHomepage" finished-at="2023-09-13T23:56:33 IST" duration-ms="33344" status="PASS">
          <reporter-output>
          </reporter-output>
        </test-method> <!-- testHomepage -->
        <test-method signature="testSearchAndSearchResults()[pri:2, instance:testcases.ECommerceTestCases@7c9d8e2]" started-at="2023-09-13T23:56:33 IST" name="testSearchAndSearchResults" finished-at="2023-09-13T23:58:12 IST" duration-ms="99057" status="PASS">
          <reporter-output>
          </reporter-output>
        </test-method> <!-- testSearchAndSearchResults -->
        <test-method signature="testSearchAndShopMultipleProducts()[pri:3, instance:testcases.ECommerceTestCases@7c9d8e2]" started-at="2023-09-13T23:58:12 IST" name="testSearchAndShopMultipleProducts" finished-at="2023-09-13T23:59:25 IST" duration-ms="72538" status="PASS">
          <reporter-output>
          </reporter-output>
        </test-method> <!-- testSearchAndShopMultipleProducts -->
        <test-method signature="testProductPage()[pri:4, instance:testcases.ECommerceTestCases@7c9d8e2]" started-at="2023-09-13T23:59:25 IST" name="testProductPage" finished-at="2023-09-13T23:59:47 IST" duration-ms="21759" status="PASS">
          <reporter-output>
          </reporter-output>
        </test-method> <!-- testProductPage -->
        <test-method is-config="true" signature="quitBrowser()[pri:0, instance:testcases.ECommerceTestCases@7c9d8e2]" started-at="2023-09-13T23:59:47 IST" name="quitBrowser" finished-at="2023-09-13T23:59:52 IST" duration-ms="5240" status="PASS">
          <reporter-output>
          </reporter-output>
        </test-method> <!-- quitBrowser -->
      </class> <!-- testcases.ECommerceTestCases -->
    </test> <!-- Default test -->
  </suite> <!-- Default suite -->
</testng-results>
