<?xml version="1.0" encoding="UTF-8"?>
<!-- Generated by org.testng.reporters.JUnitXMLReporter -->
<testsuite ignored="3" hostname="Kunal-Chaudhari" failures="0" tests="1" name="Default test" time="49.378" errors="0" timestamp="2023-09-14T00:11:16 IST">
  <testcase classname="testcases.ECommerceTestCases" name="testHomepage" time="14.246"/>
  <testcase classname="testcases.ECommerceTestCases" name="testProductPage" time="0.0">
    <ignored/>
  </testcase> <!-- testProductPage -->
  <testcase classname="testcases.ECommerceTestCases" name="testSearchAndShopMultipleProducts" time="0.0">
    <ignored/>
  </testcase> <!-- testSearchAndShopMultipleProducts -->
  <testcase classname="testcases.ECommerceTestCases" name="testSearchAndSearchResults" time="0.0">
    <ignored/>
  </testcase> <!-- testSearchAndSearchResults -->
</testsuite> <!-- Default test -->
