<?xml version="1.0" encoding="UTF-8"?>
<testng-results ignored="0" total="1" passed="1" failed="0" skipped="0">
  <reporter-output>
  </reporter-output>
  <suite started-at="2023-09-14T00:10:27 IST" name="Default suite" finished-at="2023-09-14T00:11:16 IST" duration-ms="49378">
    <groups>
    </groups>
    <test started-at="2023-09-14T00:10:27 IST" name="Default test" finished-at="2023-09-14T00:11:16 IST" duration-ms="49378">
      <class name="testcases.ECommerceTestCases">
        <test-method is-config="true" signature="setupTest()[pri:0, instance:testcases.ECommerceTestCases@69453e37]" started-at="2023-09-14T00:10:27 IST" name="setupTest" finished-at="2023-09-14T00:11:01 IST" duration-ms="34193" status="PASS">
          <reporter-output>
          </reporter-output>
        </test-method> <!-- setupTest -->
        <test-method signature="testHomepage()[pri:1, instance:testcases.ECommerceTestCases@69453e37]" started-at="2023-09-14T00:11:01 IST" name="testHomepage" finished-at="2023-09-14T00:11:15 IST" duration-ms="14246" status="PASS">
          <reporter-output>
          </reporter-output>
        </test-method> <!-- testHomepage -->
        <test-method is-config="true" signature="quitBrowser()[pri:0, instance:testcases.ECommerceTestCases@69453e37]" started-at="2023-09-14T00:11:15 IST" name="quitBrowser" finished-at="2023-09-14T00:11:16 IST" duration-ms="813" status="PASS">
          <reporter-output>
          </reporter-output>
        </test-method> <!-- quitBrowser -->
      </class> <!-- testcases.ECommerceTestCases -->
    </test> <!-- Default test -->
  </suite> <!-- Default suite -->
</testng-results>
